Arguments: 
  C:\Program Files\nodejs\node.exe C:\Users\nduul\AppData\Roaming\npm\node_modules\yarn\bin\yarn.js install

PATH: 
  C:\windows\system32;C:\windows;C:\windows\System32\Wbem;C:\windows\System32\WindowsPowerShell\v1.0\;C:\windows\System32\OpenSSH\;C:\Program Files\Git\cmd;C:\Program Files\Docker\Docker\resources\bin;C:\Program Files\HP\HP One Agent;C:\Program Files\Microsoft SQL Server\150\Tools\Binn\;C:\Users\nduul\AppData\Roaming\nvm;C:\Program Files\nodejs;C:\Users\nduul\AppData\Local\Microsoft\WindowsApps;C:\Users\nduul\AppData\Roaming\npm;C:\Users\nduul\AppData\Local\Programs\Microsoft VS Code\bin;C:\Users\nduul\AppData\Roaming\nvm;C:\Program Files\nodejs;C:\Program Files\MySQL\MySQL Server 8.0\bin;C:\Users\nduul\AppData\Local\Yarn\bin;

Yarn version: 
  1.22.19

Node version: 
  20.18.1

Platform: 
  win32 x64

Trace: 
  Error: https://registry.npmjs.org/mongoose: ESOCKETTIMEDOUT
      at ClientRequest.<anonymous> (C:\Users\nduul\AppData\Roaming\npm\node_modules\yarn\lib\cli.js:141517:19)
      at Object.onceWrapper (node:events:632:28)
      at ClientRequest.emit (node:events:518:28)
      at TLSSocket.emitRequestTimeout (node:_http_client:849:9)
      at Object.onceWrapper (node:events:632:28)
      at TLSSocket.emit (node:events:530:35)
      at Socket._onTimeout (node:net:595:8)
      at listOnTimeout (node:internal/timers:581:17)
      at process.processTimers (node:internal/timers:519:7)

npm manifest: 
  {
    "name": "store-api",
    "version": "1.0.0",
    "main": "index.js",
    "license": "MIT",
    "scripts": {
      "start": "node dist/app.js",
      "dev": "nodemon src/app.ts",
      "build": "tsc",
      "test": "jest"
       
    },
    "jest": {
      "preset": "ts-jest",
      "testEnvironment": "node",
      "test:watch": "jest --watch",
      "test:coverage": "jest --coverage",
      "testMatch": ["**/__tests__/**/*.ts", "**/?(*.)+(spec|test).ts"],
      "moduleFileExtensions": ["ts", "js", "json", "node"],
      "rootDir": "src"
    },
    "devDependencies": {
      "@types/bcryptjs": "^2.4.6",
      "@types/cors": "^2.8.17",
      "@types/express": "^5.0.0",
      "@types/jsonwebtoken": "^9.0.8",
      "bcryptjs": "^2.4.3",
      "cors": "^2.8.5",
      "dotenv": "^16.4.7",
      "jsonwebtoken": "^9.0.2",
      "mongoose": "^8.9.5",
      "nodemon": "^3.1.9",
      "ts-node": "^10.9.2",
      "typescript": "^5.7.3",
      "winston": "^3.17.0",
       "supertest": "^7.0.0",
      "ts-jest": "^29.2.5",
      "@types/jest": "^29.5.14",
      "@types/supertest": "^6.0.2"
    },
    "dependencies": {
      "express": "^4.21.2"
     
    }
  }

yarn manifest: 
  No manifest

Lockfile: 
  No lockfile
